<?xml version="1.0" encoding="UTF-8"?>
<!-- Generated by org.testng.reporters.JUnitReportReporter -->
<testsuite hostname="del1-lhp-65436" name="com.automate.api.testSomeGroovy" tests="1" failures="0" timestamp="14 Aug 2019 04:10:44 GMT" time="3.564" errors="0">
  <testcase name="testwithJsonPath" time="3.564" classname="com.automate.api.testSomeGroovy"/>
</testsuite> <!-- com.automate.api.testSomeGroovy -->
