<?xml version="1.0" encoding="UTF-8"?>
<!-- Generated by org.testng.reporters.JUnitReportReporter -->
<testsuite skipped="0" hostname="del1-lhp-65436" name="com.automate.api.apiTest" tests="2" failures="0" timestamp="09 Aug 2019 06:43:18 GMT" time="3.909" errors="0">
  <testcase name="testSchema" time="0.000" classname="com.automate.api.apiTest"/>
  <testcase name="testContentType" time="3.909" classname="com.automate.api.apiTest"/>
</testsuite> <!-- com.automate.api.apiTest -->
